Arguments: 
  C:\Program Files\nodejs\node.exe C:\Program Files\nodejs\node_modules\yarn\bin\yarn.js add azure-devops-node-api

PATH: 
  C:\Users\rishabhkalra\bin;C:\Program Files\Git\mingw64\bin;C:\Program Files\Git\usr\local\bin;C:\Program Files\Git\usr\bin;C:\Program Files\Git\usr\bin;C:\Program Files\Git\mingw64\bin;C:\Program Files\Git\usr\bin;C:\Users\rishabhkalra\bin;C:\Program Files\Common Files\Oracle\Java\javapath;C:\WINDOWS\system32;C:\WINDOWS;C:\WINDOWS\System32\Wbem;C:\WINDOWS\System32\WindowsPowerShell\v1.0;C:\WINDOWS\System32\OpenSSH;C:\Program Files\Git\cmd;C:\Program Files\dotnet;C:\Program Files\Microsoft SQL Server\130\Tools\Binn;C:\Users\rishabhkalra\AppData\Roaming\nvm;C:\Program Files\nodejs;C:\Program Files\Microsoft SQL Server\Client SDK\ODBC\170\Tools\Binn;C:\Program Files (x86)\NVIDIA Corporation\PhysX\Common;C:\Program Files\NVIDIA Corporation\NVIDIA NvDLISR;C:\Program Files (x86)\Microsoft SQL Server\150\DTS\Binn;C:\Program Files\Azure Data Studio\bin;C:\WINDOWS\system32;C:\WINDOWS;C:\WINDOWS\System32\Wbem;C:\WINDOWS\System32\WindowsPowerShell\v1.0;C:\WINDOWS\System32\OpenSSH;C:\Program Files\Microsoft SQL Server\150\Tools\Binn;C:\Program Files (x86)\Microsoft SQL Server\160\DTS\Binn;C:\Program Files\Go\bin;C:\Users\rishabhkalra\AppData\Local\Microsoft\WindowsApps;C:\Users\rishabhkalra\AppData\Local\Programs\Microsoft VS Code\bin;C:\Users\rishabhkalra\.dotnet\tools;C:\Users\rishabhkalra\AppData\Local\Coursier\cache\arc\https\github.com\AdoptOpenJDK\openjdk8-binaries\releases\download\jdk8u292-b10\OpenJDK8U-jdk_x64_windows_hotspot_8u292b10.zip\jdk8u292-b10\bin;C:\Users\rishabhkalra\AppData\Local\Coursier\data\bin;C:\Users\rishabhkalra\.dotnet\tools;C:\Users\rishabhkalra\go\bin;C:\Users\rishabhkalra\flutter\flutter\bin;C:\Program Files\Git\usr\bin\vendor_perl;C:\Program Files\Git\usr\bin\core_perl

Yarn version: 
  1.22.19

Node version: 
  16.20.2

Platform: 
  win32 x64

Trace: 
  SyntaxError: C:\Users\rishabhkalra\Documents\projects\hackathon\2023-v2\package.json: Unexpected end of JSON input
      at JSON.parse (<anonymous>)
      at C:\Users\rishabhkalra\AppData\Roaming\nvm\v16.20.2\node_modules\yarn\lib\cli.js:1629:59
      at Generator.next (<anonymous>)
      at step (C:\Users\rishabhkalra\AppData\Roaming\nvm\v16.20.2\node_modules\yarn\lib\cli.js:310:30)
      at C:\Users\rishabhkalra\AppData\Roaming\nvm\v16.20.2\node_modules\yarn\lib\cli.js:321:13

npm manifest: 
  

yarn manifest: 
  No manifest

Lockfile: 
  No lockfile
